<?xml version="1.0" encoding="UTF-8"?>
<!-- Generated by org.testng.reporters.JUnitReportReporter -->
<testsuite hostname="APL-5CD042GZR1" failures="0" tests="2" name="com.herokuapp.theinternet.NegativeTests" time="21.405" errors="0" timestamp="2022-08-23T09:56:06 IST" skipped="0">
  <testcase classname="com.herokuapp.theinternet.NegativeTests" name="incorrectPaswordTest" time="14.663"/>
  <system-out/>
  <testcase classname="com.herokuapp.theinternet.NegativeTests" name="incorrectUsernameTest" time="6.742"/>
  <system-out/>
</testsuite> <!-- com.herokuapp.theinternet.NegativeTests -->
