<?xml version="1.0" encoding="UTF-8"?>
<!-- Generated by org.testng.reporters.JUnitReportReporter -->
<testsuite hostname="APL-5CD042GZR1" failures="0" tests="1" name="com.herokuapp.theinternet.PositiveTests" time="9.924" errors="0" timestamp="2022-08-19T06:40:51 IST" skipped="0">
  <testcase classname="com.herokuapp.theinternet.PositiveTests" name="loginTest" time="9.924"/>
  <system-out/>
</testsuite> <!-- com.herokuapp.theinternet.PositiveTests -->
